0 info it worked if it ends with ok
1 verbose cli [ 'node', '/usr/local/bin/npm', 'publish', '-f' ]
2 info using npm@1.3.15
3 info using node@v0.10.22
4 warn using --force I sure hope you know what you are doing.
5 verbose publish [ '.' ]
6 verbose cache add [ '.', null ]
7 verbose cache add name=undefined spec="." args=[".",null]
8 verbose parsed url { protocol: null,
8 verbose parsed url   slashes: null,
8 verbose parsed url   auth: null,
8 verbose parsed url   host: null,
8 verbose parsed url   port: null,
8 verbose parsed url   hostname: null,
8 verbose parsed url   hash: null,
8 verbose parsed url   search: null,
8 verbose parsed url   query: null,
8 verbose parsed url   pathname: '.',
8 verbose parsed url   path: '.',
8 verbose parsed url   href: '.' }
9 silly lockFile 3a52ce78- .
10 verbose lock . /home/nathan/.npm/3a52ce78-.lock
11 verbose tar pack [ '/home/nathan/tmp/npm-12846-W8ItdIEq/1386798249442-0.9425208189059049/tmp.tgz',
11 verbose tar pack   '.' ]
12 verbose tarball /home/nathan/tmp/npm-12846-W8ItdIEq/1386798249442-0.9425208189059049/tmp.tgz
13 verbose folder .
14 info prepublish httperror@0.0.1
15 silly lockFile 1f1177db-tar tar://.
16 verbose lock tar://. /home/nathan/.npm/1f1177db-tar.lock
17 silly lockFile 4d5ed972-49442-0-9425208189059049-tmp-tgz tar:///home/nathan/tmp/npm-12846-W8ItdIEq/1386798249442-0.9425208189059049/tmp.tgz
18 verbose lock tar:///home/nathan/tmp/npm-12846-W8ItdIEq/1386798249442-0.9425208189059049/tmp.tgz /home/nathan/.npm/4d5ed972-49442-0-9425208189059049-tmp-tgz.lock
19 silly lockFile 1f1177db-tar tar://.
20 silly lockFile 1f1177db-tar tar://.
21 silly lockFile 4d5ed972-49442-0-9425208189059049-tmp-tgz tar:///home/nathan/tmp/npm-12846-W8ItdIEq/1386798249442-0.9425208189059049/tmp.tgz
22 silly lockFile 4d5ed972-49442-0-9425208189059049-tmp-tgz tar:///home/nathan/tmp/npm-12846-W8ItdIEq/1386798249442-0.9425208189059049/tmp.tgz
23 verbose tar unpack /home/nathan/tmp/npm-12846-W8ItdIEq/1386798249442-0.9425208189059049/tmp.tgz
24 silly lockFile efbe3134-49442-0-9425208189059049-package tar:///home/nathan/tmp/npm-12846-W8ItdIEq/1386798249442-0.9425208189059049/package
25 verbose lock tar:///home/nathan/tmp/npm-12846-W8ItdIEq/1386798249442-0.9425208189059049/package /home/nathan/.npm/efbe3134-49442-0-9425208189059049-package.lock
26 silly lockFile 4d5ed972-49442-0-9425208189059049-tmp-tgz tar:///home/nathan/tmp/npm-12846-W8ItdIEq/1386798249442-0.9425208189059049/tmp.tgz
27 verbose lock tar:///home/nathan/tmp/npm-12846-W8ItdIEq/1386798249442-0.9425208189059049/tmp.tgz /home/nathan/.npm/4d5ed972-49442-0-9425208189059049-tmp-tgz.lock
28 silly gunzTarPerm modes [ '755', '644' ]
29 silly gunzTarPerm extractEntry package.json
30 silly gunzTarPerm extractEntry README.md
31 silly gunzTarPerm extractEntry src/index.js
32 silly lockFile efbe3134-49442-0-9425208189059049-package tar:///home/nathan/tmp/npm-12846-W8ItdIEq/1386798249442-0.9425208189059049/package
33 silly lockFile efbe3134-49442-0-9425208189059049-package tar:///home/nathan/tmp/npm-12846-W8ItdIEq/1386798249442-0.9425208189059049/package
34 silly lockFile 4d5ed972-49442-0-9425208189059049-tmp-tgz tar:///home/nathan/tmp/npm-12846-W8ItdIEq/1386798249442-0.9425208189059049/tmp.tgz
35 silly lockFile 4d5ed972-49442-0-9425208189059049-tmp-tgz tar:///home/nathan/tmp/npm-12846-W8ItdIEq/1386798249442-0.9425208189059049/tmp.tgz
36 verbose tar pack [ '/home/nathan/.npm/httperror/0.0.1/package.tgz',
36 verbose tar pack   '/home/nathan/tmp/npm-12846-W8ItdIEq/1386798249442-0.9425208189059049/package' ]
37 verbose tarball /home/nathan/.npm/httperror/0.0.1/package.tgz
38 verbose folder /home/nathan/tmp/npm-12846-W8ItdIEq/1386798249442-0.9425208189059049/package
39 silly lockFile efbe3134-49442-0-9425208189059049-package tar:///home/nathan/tmp/npm-12846-W8ItdIEq/1386798249442-0.9425208189059049/package
40 verbose lock tar:///home/nathan/tmp/npm-12846-W8ItdIEq/1386798249442-0.9425208189059049/package /home/nathan/.npm/efbe3134-49442-0-9425208189059049-package.lock
41 silly lockFile eeca6c1a--npm-httperror-0-0-1-package-tgz tar:///home/nathan/.npm/httperror/0.0.1/package.tgz
42 verbose lock tar:///home/nathan/.npm/httperror/0.0.1/package.tgz /home/nathan/.npm/eeca6c1a--npm-httperror-0-0-1-package-tgz.lock
43 silly lockFile efbe3134-49442-0-9425208189059049-package tar:///home/nathan/tmp/npm-12846-W8ItdIEq/1386798249442-0.9425208189059049/package
44 silly lockFile efbe3134-49442-0-9425208189059049-package tar:///home/nathan/tmp/npm-12846-W8ItdIEq/1386798249442-0.9425208189059049/package
45 silly lockFile eeca6c1a--npm-httperror-0-0-1-package-tgz tar:///home/nathan/.npm/httperror/0.0.1/package.tgz
46 silly lockFile eeca6c1a--npm-httperror-0-0-1-package-tgz tar:///home/nathan/.npm/httperror/0.0.1/package.tgz
47 silly lockFile 2830e50e-than-npm-httperror-0-0-1-package /home/nathan/.npm/httperror/0.0.1/package
48 verbose lock /home/nathan/.npm/httperror/0.0.1/package /home/nathan/.npm/2830e50e-than-npm-httperror-0-0-1-package.lock
49 silly lockFile 2830e50e-than-npm-httperror-0-0-1-package /home/nathan/.npm/httperror/0.0.1/package
50 silly lockFile 2830e50e-than-npm-httperror-0-0-1-package /home/nathan/.npm/httperror/0.0.1/package
51 verbose tar unpack /home/nathan/.npm/httperror/0.0.1/package.tgz
52 silly lockFile bfb3c8f9-than-npm-httperror-0-0-1-package tar:///home/nathan/.npm/httperror/0.0.1/package
53 verbose lock tar:///home/nathan/.npm/httperror/0.0.1/package /home/nathan/.npm/bfb3c8f9-than-npm-httperror-0-0-1-package.lock
54 silly lockFile eeca6c1a--npm-httperror-0-0-1-package-tgz tar:///home/nathan/.npm/httperror/0.0.1/package.tgz
55 verbose lock tar:///home/nathan/.npm/httperror/0.0.1/package.tgz /home/nathan/.npm/eeca6c1a--npm-httperror-0-0-1-package-tgz.lock
56 silly gunzTarPerm modes [ '755', '644' ]
57 silly gunzTarPerm extractEntry package.json
58 silly gunzTarPerm extractEntry README.md
59 silly gunzTarPerm extractEntry src/index.js
60 silly lockFile bfb3c8f9-than-npm-httperror-0-0-1-package tar:///home/nathan/.npm/httperror/0.0.1/package
61 silly lockFile bfb3c8f9-than-npm-httperror-0-0-1-package tar:///home/nathan/.npm/httperror/0.0.1/package
62 silly lockFile eeca6c1a--npm-httperror-0-0-1-package-tgz tar:///home/nathan/.npm/httperror/0.0.1/package.tgz
63 silly lockFile eeca6c1a--npm-httperror-0-0-1-package-tgz tar:///home/nathan/.npm/httperror/0.0.1/package.tgz
64 verbose chmod /home/nathan/.npm/httperror/0.0.1/package.tgz 644
65 verbose chown /home/nathan/.npm/httperror/0.0.1/package.tgz [ 1000, 1000 ]
66 silly lockFile 3a52ce78- .
67 silly lockFile 3a52ce78- .
68 silly publish { name: 'httperror',
68 silly publish   version: '0.0.1',
68 silly publish   description: 'better http errors',
68 silly publish   repository:
68 silly publish    { type: 'git',
68 silly publish      url: 'https://github.com/nathanfaucett/httperror.git' },
68 silly publish   main: './src/index.js',
68 silly publish   author: { name: 'Nathan Faucett' },
68 silly publish   license: 'BSD',
68 silly publish   keywords:
68 silly publish    [ 'errors',
68 silly publish      'errors',
68 silly publish      'http',
68 silly publish      'HttpError',
68 silly publish      'httperror.js',
68 silly publish      'httperror' ],
68 silly publish   readmeFilename: 'README.md',
68 silly publish   dependencies: { 'node-inflect': '~1.0.0' },
68 silly publish   readme: 'HttpError\n=====\n\nbetter http errors',
68 silly publish   bugs: { url: 'https://github.com/nathanfaucett/httperror/issues' },
68 silly publish   homepage: 'https://github.com/nathanfaucett/httperror',
68 silly publish   _id: 'httperror@0.0.1',
68 silly publish   dist: { shasum: '1673e24f824f5c1eb096d0efe50732aeae905667' },
68 silly publish   _from: '.' }
69 verbose url raw httperror
70 verbose url resolving [ 'https://registry.npmjs.org/', './httperror' ]
71 verbose url resolved https://registry.npmjs.org/httperror
72 info trying registry request attempt 1 at 15:44:09
73 http PUT https://registry.npmjs.org/httperror
74 http 409 https://registry.npmjs.org/httperror
75 verbose url raw httperror
76 verbose url resolving [ 'https://registry.npmjs.org/', './httperror' ]
77 verbose url resolved https://registry.npmjs.org/httperror
78 info trying registry request attempt 1 at 15:44:10
79 http GET https://registry.npmjs.org/httperror
80 http 200 https://registry.npmjs.org/httperror
81 verbose uploading [ 'httperror/-/httperror-0.0.1.tgz/-rev/5-172cbf8c66c425fe2f8844e2cc21d653',
81 verbose uploading   '/home/nathan/.npm/httperror/0.0.1/package.tgz' ]
82 verbose url raw httperror/-/httperror-0.0.1.tgz/-rev/5-172cbf8c66c425fe2f8844e2cc21d653
83 verbose url resolving [ 'https://registry.npmjs.org/',
83 verbose url resolving   './httperror/-/httperror-0.0.1.tgz/-rev/5-172cbf8c66c425fe2f8844e2cc21d653' ]
84 verbose url resolved https://registry.npmjs.org/httperror/-/httperror-0.0.1.tgz/-rev/5-172cbf8c66c425fe2f8844e2cc21d653
85 info trying registry request attempt 1 at 15:44:11
86 http PUT https://registry.npmjs.org/httperror/-/httperror-0.0.1.tgz/-rev/5-172cbf8c66c425fe2f8844e2cc21d653
87 http 403 https://registry.npmjs.org/httperror/-/httperror-0.0.1.tgz/-rev/5-172cbf8c66c425fe2f8844e2cc21d653
88 info trying registry request attempt 1 at 15:44:12
89 http PUT https://registry.npmjs.org/httperror/-/httperror-0.0.1.tgz/-rev/5-172cbf8c66c425fe2f8844e2cc21d653
90 http 403 https://registry.npmjs.org/httperror/-/httperror-0.0.1.tgz/-rev/5-172cbf8c66c425fe2f8844e2cc21d653
91 error publish Error uploading package
92 error Error: forbidden user: nathanfaucett not authorized to modify httperror
92 error Added: _attachments.httperror-0.0.1.tgz: httperror/-/httperror-0.0.1.tgz/-rev/5-172cbf8c66c425fe2f8844e2cc21d653
92 error     at RegClient.<anonymous> (/usr/local/lib/node_modules/npm/node_modules/npm-registry-client/lib/request.js:272:14)
92 error     at Request.self.callback (/usr/local/lib/node_modules/npm/node_modules/request/request.js:129:22)
92 error     at Request.EventEmitter.emit (events.js:98:17)
92 error     at Request.<anonymous> (/usr/local/lib/node_modules/npm/node_modules/request/request.js:873:14)
92 error     at Request.EventEmitter.emit (events.js:117:20)
92 error     at IncomingMessage.<anonymous> (/usr/local/lib/node_modules/npm/node_modules/request/request.js:824:12)
92 error     at IncomingMessage.EventEmitter.emit (events.js:117:20)
92 error     at _stream_readable.js:920:16
92 error     at process._tickCallback (node.js:415:13)
93 error If you need help, you may report this log at:
93 error     <http://github.com/isaacs/npm/issues>
93 error or email it to:
93 error     <npm-@googlegroups.com>
94 error System Linux 3.5.0-18-generic
95 error command "node" "/usr/local/bin/npm" "publish" "-f"
96 error cwd /var/www/html5/node/httperror
97 error node -v v0.10.22
98 error npm -v 1.3.15
99 verbose exit [ 1, true ]
